<?xml version="1.0" encoding="UTF-8"?>
<testsuite xmlns:xsi="http://www.w3.org/2001/XMLSchema-instance" xsi:schemaLocation="https://maven.apache.org/surefire/maven-surefire-plugin/xsd/surefire-test-report.xsd" name="edu.northeastern.ccs.im.server.ProcessCommandTest" time="12.245" tests="34" errors="0" skipped="0" failures="0">
  <properties>
    <property name="java.runtime.name" value="Java(TM) SE Runtime Environment"/>
    <property name="sun.boot.library.path" value="C:\Program Files\Java\jdk1.8.0_191\jre\bin"/>
    <property name="java.vm.version" value="25.191-b12"/>
    <property name="java.vm.vendor" value="Oracle Corporation"/>
    <property name="maven.multiModuleProjectDirectory" value="C:\Users\yatish kadam\Desktop\team-207-F18\Project_src\Prattle"/>
    <property name="java.vendor.url" value="http://java.oracle.com/"/>
    <property name="path.separator" value=";"/>
    <property name="guice.disable.misplaced.annotation.check" value="true"/>
    <property name="java.vm.name" value="Java HotSpot(TM) 64-Bit Server VM"/>
    <property name="file.encoding.pkg" value="sun.io"/>
    <property name="user.script" value=""/>
    <property name="user.country" value="US"/>
    <property name="sun.java.launcher" value="SUN_STANDARD"/>
    <property name="sun.os.patch.level" value=""/>
    <property name="java.vm.specification.name" value="Java Virtual Machine Specification"/>
    <property name="user.dir" value="C:\Users\yatish kadam\Desktop\team-207-F18\Project_src\Prattle"/>
    <property name="java.runtime.version" value="1.8.0_191-b12"/>
    <property name="java.awt.graphicsenv" value="sun.awt.Win32GraphicsEnvironment"/>
    <property name="java.endorsed.dirs" value="C:\Program Files\Java\jdk1.8.0_191\jre\lib\endorsed"/>
    <property name="os.arch" value="amd64"/>
    <property name="java.io.tmpdir" value="C:\Users\YATISH~1\AppData\Local\Temp\"/>
    <property name="line.separator" value="&#10;"/>
    <property name="java.vm.specification.vendor" value="Oracle Corporation"/>
    <property name="user.variant" value=""/>
    <property name="os.name" value="Windows 10"/>
    <property name="classworlds.conf" value="C:\PROGRA~1\apache-maven-3.6.0\bin\..\bin\m2.conf"/>
    <property name="sun.jnu.encoding" value="Cp1252"/>
    <property name="java.library.path" value="C:\Program Files\Java\jdk1.8.0_191\bin;C:\Windows\Sun\Java\bin;C:\Windows\system32;C:\Windows;C:\Python27\;C:\Python27\Scripts;C:\Program Files (x86)\Common Files\Oracle\Java\javapath;C:\Program Files (x86)\Intel\Intel(R) Management Engine Components\iCLS\;C:\Program Files\Intel\Intel(R) Management Engine Components\iCLS\;C:\Windows\system32;C:\Windows;C:\Windows\System32\Wbem;C:\Windows\System32\WindowsPowerShell\v1.0\;C:\Windows\System32\OpenSSH\;C:\Program Files (x86)\Intel\Intel(R) Management Engine Components\DAL;C:\Program Files\Intel\Intel(R) Management Engine Components\DAL;C:\Program Files (x86)\NVIDIA Corporation\PhysX\Common;C:\Windows\system32;C:\Windows;C:\Windows\System32\Wbem;C:\Windows\System32\WindowsPowerShell\v1.0\;C:\Windows\System32\OpenSSH\;C:\Program Files\Git\cmd;C:\Program Files\Git\mingw64\bin;C:\Program Files\Git\usr\bin;C:\Program Files\Java\jdk1.8.0_191\bin;C:\PROGRA~1\apache-maven-3.6.0;C:\PROGRA~1\apache-maven-3.6.0\bin;;C:\Program Files\NVIDIA Corporation\NVIDIA NvDLISR;C:\Users\yatish kadam\AppData\Local\Microsoft\WindowsApps;;C:\Program Files\JetBrains\IntelliJ IDEA 2018.3\bin;;C:\Program Files\JetBrains\PyCharm 2018.3\bin;;."/>
    <property name="maven.conf" value="C:\PROGRA~1\apache-maven-3.6.0\bin\../conf"/>
    <property name="java.specification.name" value="Java Platform API Specification"/>
    <property name="java.class.version" value="52.0"/>
    <property name="sun.management.compiler" value="HotSpot 64-Bit Tiered Compilers"/>
    <property name="os.version" value="10.0"/>
    <property name="library.jansi.path" value="C:\PROGRA~1\apache-maven-3.6.0\bin\..\lib\jansi-native"/>
    <property name="user.home" value="C:\Users\yatish kadam"/>
    <property name="user.timezone" value="America/New_York"/>
    <property name="java.awt.printerjob" value="sun.awt.windows.WPrinterJob"/>
    <property name="java.specification.version" value="1.8"/>
    <property name="file.encoding" value="Cp1252"/>
    <property name="user.name" value="yatish kadam"/>
    <property name="java.class.path" value="C:\PROGRA~1\apache-maven-3.6.0\bin\..\boot\plexus-classworlds-2.5.2.jar"/>
    <property name="java.vm.specification.version" value="1.8"/>
    <property name="sun.arch.data.model" value="64"/>
    <property name="java.home" value="C:\Program Files\Java\jdk1.8.0_191\jre"/>
    <property name="sun.java.command" value="org.codehaus.plexus.classworlds.launcher.Launcher clean install"/>
    <property name="java.specification.vendor" value="Oracle Corporation"/>
    <property name="user.language" value="en"/>
    <property name="awt.toolkit" value="sun.awt.windows.WToolkit"/>
    <property name="java.vm.info" value="mixed mode"/>
    <property name="java.version" value="1.8.0_191"/>
    <property name="java.ext.dirs" value="C:\Program Files\Java\jdk1.8.0_191\jre\lib\ext;C:\Windows\Sun\Java\lib\ext"/>
    <property name="sun.boot.class.path" value="C:\Program Files\Java\jdk1.8.0_191\jre\lib\resources.jar;C:\Program Files\Java\jdk1.8.0_191\jre\lib\rt.jar;C:\Program Files\Java\jdk1.8.0_191\jre\lib\sunrsasign.jar;C:\Program Files\Java\jdk1.8.0_191\jre\lib\jsse.jar;C:\Program Files\Java\jdk1.8.0_191\jre\lib\jce.jar;C:\Program Files\Java\jdk1.8.0_191\jre\lib\charsets.jar;C:\Program Files\Java\jdk1.8.0_191\jre\lib\jfr.jar;C:\Program Files\Java\jdk1.8.0_191\jre\classes"/>
    <property name="sun.stderr.encoding" value="cp437"/>
    <property name="java.vendor" value="Oracle Corporation"/>
    <property name="maven.home" value="C:\PROGRA~1\apache-maven-3.6.0\bin\.."/>
    <property name="file.separator" value="\"/>
    <property name="java.vendor.url.bug" value="http://bugreport.sun.com/bugreport/"/>
    <property name="sun.cpu.endian" value="little"/>
    <property name="sun.io.unicode.encoding" value="UnicodeLittle"/>
    <property name="sun.stdout.encoding" value="cp437"/>
    <property name="sun.desktop" value="windows"/>
    <property name="sun.cpu.isalist" value="amd64"/>
  </properties>
  <testcase name="TestBecomeWireTape" classname="edu.northeastern.ccs.im.server.ProcessCommandTest" time="0.004"/>
  <testcase name="TestWireTap" classname="edu.northeastern.ccs.im.server.ProcessCommandTest" time="0.763"/>
  <testcase name="TestGetSendMessages" classname="edu.northeastern.ccs.im.server.ProcessCommandTest" time="0.423"/>
  <testcase name="TestUpdatePassword" classname="edu.northeastern.ccs.im.server.ProcessCommandTest" time="0.026"/>
  <testcase name="testSetFirstName" classname="edu.northeastern.ccs.im.server.ProcessCommandTest" time="0.034"/>
  <testcase name="testGetWaitingList" classname="edu.northeastern.ccs.im.server.ProcessCommandTest" time="0.001"/>
  <testcase name="TestBecomeWireTapeFalse" classname="edu.northeastern.ccs.im.server.ProcessCommandTest" time="0.055"/>
  <testcase name="TestRecallMessage" classname="edu.northeastern.ccs.im.server.ProcessCommandTest" time="0.042"/>
  <testcase name="testWrongCommands" classname="edu.northeastern.ccs.im.server.ProcessCommandTest" time="0"/>
  <testcase name="TestDisplayUnreadMsg" classname="edu.northeastern.ccs.im.server.ProcessCommandTest" time="0"/>
  <testcase name="testProfile" classname="edu.northeastern.ccs.im.server.ProcessCommandTest" time="0.001"/>
  <testcase name="testGetFirstNameCommand" classname="edu.northeastern.ccs.im.server.ProcessCommandTest" time="0.001"/>
  <testcase name="TestTurnOffParentalControl" classname="edu.northeastern.ccs.im.server.ProcessCommandTest" time="0.031"/>
  <testcase name="testGetHelp" classname="edu.northeastern.ccs.im.server.ProcessCommandTest" time="0.001"/>
  <testcase name="TestForwardMessage" classname="edu.northeastern.ccs.im.server.ProcessCommandTest" time="0.124"/>
  <testcase name="testGetUserIDCommand" classname="edu.northeastern.ccs.im.server.ProcessCommandTest" time="0.001"/>
  <testcase name="testSetLastName" classname="edu.northeastern.ccs.im.server.ProcessCommandTest" time="0.038"/>
  <testcase name="TestGetMessageBetween" classname="edu.northeastern.ccs.im.server.ProcessCommandTest" time="0.759"/>
  <testcase name="TestSendGroupMessage" classname="edu.northeastern.ccs.im.server.ProcessCommandTest" time="0.395"/>
  <testcase name="testSetLastNameFailure" classname="edu.northeastern.ccs.im.server.ProcessCommandTest" time="0.131"/>
  <testcase name="testSetFirstNameFailure" classname="edu.northeastern.ccs.im.server.ProcessCommandTest" time="0.109"/>
  <testcase name="TestListCommandFailure" classname="edu.northeastern.ccs.im.server.ProcessCommandTest" time="0.325"/>
  <testcase name="testDeleteAccount" classname="edu.northeastern.ccs.im.server.ProcessCommandTest" time="0.029"/>
  <testcase name="TestTurnOnParentalControl" classname="edu.northeastern.ccs.im.server.ProcessCommandTest" time="0.039"/>
  <testcase name="TestTerminateClient" classname="edu.northeastern.ccs.im.server.ProcessCommandTest" time="0.007"/>
  <testcase name="TestRecallMessageById" classname="edu.northeastern.ccs.im.server.ProcessCommandTest" time="0.115"/>
  <testcase name="testGetUserNameCommand" classname="edu.northeastern.ccs.im.server.ProcessCommandTest" time="0.003"/>
  <testcase name="TestAddRemoveFilterWords" classname="edu.northeastern.ccs.im.server.ProcessCommandTest" time="0.067"/>
  <testcase name="testMyGroup" classname="edu.northeastern.ccs.im.server.ProcessCommandTest" time="0.037"/>
  <testcase name="testGetLastNameCommand" classname="edu.northeastern.ccs.im.server.ProcessCommandTest" time="0.002"/>
  <testcase name="TestGetReceivedMessages" classname="edu.northeastern.ccs.im.server.ProcessCommandTest" time="8.545"/>
  <testcase name="TestGetWireTapperHelp" classname="edu.northeastern.ccs.im.server.ProcessCommandTest" time="0.001"/>
  <testcase name="TestgetUserFromActive" classname="edu.northeastern.ccs.im.server.ProcessCommandTest" time="0.001"/>
  <testcase name="TestSetTarget" classname="edu.northeastern.ccs.im.server.ProcessCommandTest" time="0.11"/>
</testsuite>